[2022-06-08 13:47:39] [pool-5-thread-1 INFO] CustomSkinLoader 14.9
[2022-06-08 13:47:39] [pool-5-thread-1 INFO] DataDir: C:\Users\c\Documents\GitHub\XINGMOUREN\project\minecraft\.minecraft\CustomSkinLoader
[2022-06-08 13:47:39] [pool-5-thread-1 INFO] Minecraft: 1.12.2(1.12.2)
[2022-06-08 13:47:39] [pool-5-thread-1 INFO] Config File: C:\Users\c\Documents\GitHub\XINGMOUREN\project\minecraft\.minecraft\CustomSkinLoader\CustomSkinLoader.json
[2022-06-08 13:47:39] [pool-5-thread-1 INFO] Try to load config.
[2022-06-08 13:47:39] [pool-5-thread-1 INFO] Successfully load config.
[2022-06-08 13:47:39] [pool-5-thread-1 INFO] EnableDynamicSkull:true, EnableTranSkin:true, IgnoreHttpsCertificate:false, CacheExpiry:30, EnableUpdateSkull:false, EnableLocalProfileCache:false, EnableCacheAutoClean:false, LoadList:6
[2022-06-08 13:47:39] [妈的兴某人真帅拖拖 INFO] Loading 妈的兴某人真帅拖拖's profile.
[2022-06-08 13:47:39] [妈的兴某人真帅拖拖 INFO] 1/6 Try to load profile from 'Mojang'.
[2022-06-08 13:47:39] [妈的兴某人真帅拖拖 INFO] Default profile will be used.
[2022-06-08 13:47:39] [妈的兴某人真帅拖拖 INFO] 妈的兴某人真帅拖拖's profile loaded.
[2022-06-08 13:47:39] [妈的兴某人真帅拖拖 INFO] (SkinUrl: https://mcskin.cn/textures/92dee4cb65fb866402adb91991e4170205bfa044e461c502971b396db493a6c2 , Model: default , CapeUrl: null  , Expiry: 1654667290)
[2022-06-08 13:52:01] [an_zhi INFO] Loading an_zhi's profile.
[2022-06-08 13:52:01] [an_zhi INFO] 1/6 Try to load profile from 'Mojang'.
[2022-06-08 13:52:01] [an_zhi INFO] Default profile will be used.
[2022-06-08 13:52:01] [an_zhi INFO] an_zhi's profile loaded.
[2022-06-08 13:52:01] [an_zhi INFO] (SkinUrl: https://mcskin.cn/textures/7c41178d9692d834b8be239409313cd2c29684a51ab2f8656f94d225a80aaf45 , Model: default , CapeUrl: null  , Expiry: 1654667554)
[2022-06-08 13:52:13] [寻雾而去 INFO] Loading 寻雾而去's profile.
[2022-06-08 13:52:13] [寻雾而去 INFO] 1/6 Try to load profile from 'Mojang'.
[2022-06-08 13:52:13] [寻雾而去 INFO] Default profile will be used.
[2022-06-08 13:52:13] [寻雾而去 INFO] 寻雾而去's profile loaded.
[2022-06-08 13:52:13] [寻雾而去 INFO] (SkinUrl: https://mcskin.cn/textures/fc7ea8009ed8fd553d031be76f6c2efe9825ec1277eb67bda8d13e0f87150d00 , Model: slim , CapeUrl: null  , Expiry: 1654667563)
[2022-06-08 13:54:15] [lbg3 INFO] Loading lbg3's profile.
[2022-06-08 13:54:15] [lbg3 INFO] 1/6 Try to load profile from 'Mojang'.
[2022-06-08 13:54:15] [lbg3 INFO] Default profile will be used.
[2022-06-08 13:54:15] [lbg3 INFO] lbg3's profile loaded.
[2022-06-08 13:54:15] [lbg3 INFO] (SkinUrl: https://mcskin.cn/textures/3da4e7e5eed4dbeb259ee70c393f6109fc4ab9d201e0fdf5b7883de1a1010be1 , Model: default , CapeUrl: null  , Expiry: 1654667689)
[2022-06-08 15:54:52] [寻雾而去 INFO] Loading 寻雾而去's profile.
[2022-06-08 15:54:52] [寻雾而去 INFO] 1/6 Try to load profile from 'Mojang'.
[2022-06-08 15:54:52] [寻雾而去 INFO] Default profile will be used.
[2022-06-08 15:54:52] [寻雾而去 INFO] 寻雾而去's profile loaded.
[2022-06-08 15:54:52] [寻雾而去 INFO] (SkinUrl: https://mcskin.cn/textures/fc7ea8009ed8fd553d031be76f6c2efe9825ec1277eb67bda8d13e0f87150d00 , Model: slim , CapeUrl: null  , Expiry: 1654674922)
