Logging started at 2022-06-08T05:45:06.999Z
[authlib-injector] [INFO] Version: 1.1.44
[authlib-injector] [INFO] Authentication server: https://mcskin.cn/api/yggdrasil/
[authlib-injector] [INFO] Transformed [net.minecraft.client.main.Main] with [Main Arguments Transformer]
[authlib-injector] [INFO] Transformed [net.minecraft.client.main.Main] with [Callback Metafactory Transformer]
[authlib-injector] [INFO] Enable MC-52974 Workaround
[authlib-injector] [INFO] Transformed [com.mojang.authlib.HttpAuthenticationService] with [ConcatenateURL Workaround]
[authlib-injector] [INFO] Transformed [com.mojang.authlib.HttpAuthenticationService] with [Callback Metafactory Transformer]
[authlib-injector] [INFO] Httpd is running on port 61947
[authlib-injector] [INFO] Transformed [net.minecraft.client.entity.AbstractClientPlayer] with [Constant URL Transformer]
[authlib-injector] [INFO] Transformed [com.mojang.authlib.HttpAuthenticationService] with [ConcatenateURL Workaround]
[authlib-injector] [INFO] Transformed [com.mojang.authlib.HttpAuthenticationService] with [Callback Metafactory Transformer]
[authlib-injector] [INFO] Transformed [com.mojang.authlib.yggdrasil.YggdrasilMinecraftSessionService] with [Constant URL Transformer]
[authlib-injector] [INFO] Transformed [com.mojang.authlib.yggdrasil.YggdrasilMinecraftSessionService] with [Texture Whitelist Transformer]
[authlib-injector] [INFO] Transformed [com.mojang.authlib.yggdrasil.YggdrasilMinecraftSessionService] with [Yggdrasil Public Key Transformer]
[authlib-injector] [INFO] Transformed [com.mojang.authlib.yggdrasil.YggdrasilMinecraftSessionService] with [MC-52974 Workaround]
[authlib-injector] [INFO] Transformed [com.mojang.authlib.yggdrasil.YggdrasilMinecraftSessionService] with [Callback Metafactory Transformer]
[authlib-injector] [INFO] Transformed [com.mojang.authlib.yggdrasil.YggdrasilGameProfileRepository] with [Constant URL Transformer]
[authlib-injector] [INFO] Transformed [io.netty.bootstrap.Bootstrap] with [Constant URL Transformer]
[authlib-injector] [INFO] Transformed [customskinloader.loader.MojangAPILoader] with [Constant URL Transformer]
