[13:46:53] [Client thread/INFO] [JMLogger] JourneyMap log initialized.
[13:46:53] [Client thread/INFO] [JourneymapClient] initialize ENTER
[13:46:53] [Client thread/INFO] [?] Version: JourneyMap 1.12.2-5.7.0, built with Forge 14.23.5.2768
Forge: 14.23.5.2860
Environment: os.name, os.arch, java.version, user.country, user.language=null, game language=zh_cn, locale=zh_cn
Features: 
	RadarPlayers : singleplayer = true , multiplayer = true
	RadarAnimals : singleplayer = true , multiplayer = true
	RadarMobs : singleplayer = true , multiplayer = true
	RadarVillagers : singleplayer = true , multiplayer = true
	MapTopo : singleplayer = true , multiplayer = true
	MapSurface : singleplayer = true , multiplayer = true
	MapCaves : singleplayer = true , multiplayer = true
MiniMapProperties{state=Valid, file=journeymap.minimap.config, configVersion=5.7.0, zoomLevel=0, showPlayers=true, frameAlpha=100, compassFontScale=2, terrainAlpha=100, showEntityNames=true, enabled=true, showPlayerHeading=true, showVillagers=true, info2Label=Game Time, sizePercent=30, showDayNight=true, info3Label=Location, showMobs=true, showPets=true, preferredMapType=day, showCompass=true, mobDisplay=Small Dots, showReticle=true, orientation=指向北方, systemTimeRealFormat=HH:mm:ss, shape=圆形, showSelf=true, info4Label=Biome, locationFormat=xzyv, playerDisplay=Small Dots, showGrid=true, reticleOrientation=罗盘模式, gameTimeRealFormat=HH:mm:ss, showWaypoints=true, showCaves=true, showAnimals=true, showMobHeading=true, showWaypointLabels=true, locationFormatVerbose=true, position=屏幕左上, info1Label=Blank, fontScale=2}
MiniMapProperties{state=Valid, file=journeymap.minimap2.config, configVersion=5.7.0, zoomLevel=0, showPlayers=true, frameAlpha=100, compassFontScale=2, terrainAlpha=100, showEntityNames=true, enabled=true, showPlayerHeading=true, showVillagers=true, info2Label=Game Time, sizePercent=30, showDayNight=true, info3Label=Location, showMobs=true, showPets=true, preferredMapType=day, showCompass=true, mobDisplay=Small Dots, showReticle=true, orientation=指向北方, systemTimeRealFormat=HH:mm:ss, shape=矩形, showSelf=true, info4Label=Biome, locationFormat=xzyv, playerDisplay=Small Dots, showGrid=true, reticleOrientation=罗盘模式, gameTimeRealFormat=HH:mm:ss, showWaypoints=true, showCaves=true, showAnimals=true, showMobHeading=true, showWaypointLabels=true, locationFormatVerbose=true, position=屏幕右上, info1Label=Blank, fontScale=2}
FullMapProperties{state=Valid, file=journeymap.fullmap.config, configVersion=5.7.0, mobDisplay=Small Dots, zoomLevel=3, showPlayers=true, showSelf=true, locationFormat=xzyv, playerDisplay=Small Dots, showGrid=true, showEntityNames=true, showPlayerHeading=true, showVillagers=true, showWaypoints=true, showCaves=true, showAnimals=true, showMobHeading=true, showKeys=true, showWaypointLabels=true, locationFormatVerbose=true, showMobs=true, showPets=true, fontScale=2, preferredMapType=day}
WaypointProperties{state=Valid, file=journeymap.waypoint.config, configVersion=5.7.0, autoRemoveDeathpointDistance=2, createDeathpoints=true, showName=true, dateFormat=MM-dd-yyyy, autoRemoveDeathpoints=false, maxDistance=0, autoHideLabel=true, teleportCommand=/tp {name} {x} {y} {z}, showStaticBeam=true, minDistance=4, timeFormat=HH:mm:ss, boldLabel=false, textureSmall=true, showDeathpointlabel=true, showDistance=true, showRotatingBeam=true, fontScale=2, showTexture=true, managerEnabled=true, beaconEnabled=true}
WebMapProperties{state=Valid, file=journeymap.webmap.config, configVersion=5.7.0, zoomLevel=0, showWaypoints=true, showCaves=true, showSelf=true, port=2333, showGrid=true, showEntityNames=true, enabled=true, preferredMapType=day}
CoreProperties{state=Valid, file=journeymap.core.config, configVersion=5.7.0, verboseColorPalette=false, maxPlayersData=32, mapSurfaceAboveCaves=true, optionsManagerViewed=5.7.0, announceMod=true, colorPassive=#bbbbbb, renderOverlayEventTypeName=ALL, mapBlendWater=false, renderDistanceSurfaceMax=7, radarVerticalDistance=16, mapBlendGrass=true, recordCacheStats=false, hideSneakingEntities=true, revealShape=圆形, alwaysMapSurface=false, colorVillager=#88e188, mapPlants=false, colorPet=#0077ff, radarLateralDistance=64, mapBathymetry=false, mapCrops=true, maxMobsData=32, mapPlantShadows=false, alwaysMapCaves=false, checkUpdates=true, browserPoll=2000, mapBlendFoliage=true, mappingEnabled=true, colorPlayer=#ffffff, tileHighDisplayQuality=true, cacheVillagersData=2200, logLevel=INFO, maxVillagersData=32, maxAnimalsData=32, mapTransparency=true, tileRenderType=1, caveIgnoreGlass=true, mapTopography=true, renderDistanceCaveMax=3, mapAntialiasing=true, colorSelf=#0000ff, cachePlayersData=2000, cacheMobsData=3000, cachePlayerData=1000, splashViewed=5.7.0, colorHostile=#ff0000, cacheAnimalsData=3100, themeName=Purist, mapCaveLighting=true, renderDelay=2, renderOverlayPreEvent=true, autoMapPoll=2000}
[13:46:53] [Client thread/INFO] [ClientAPI] [ClientAPI] built with JourneyMap API 1.4
[13:46:53] [Client thread/INFO] [PluginHelper] Initializing plugins with Client API: journeymap.client.api.impl.ClientAPI
[13:46:53] [Client thread/INFO] [PluginHelper] Initialized IClientPlugin: com.teamacronymcoders.base.modules.journeymap.JourneyMapPlugin
[13:46:53] [Client thread/INFO] [JourneymapClient] initialize EXIT, elapsed count 0 avg 17ms
[13:46:55] [Client thread/INFO] [IconSetFileHandler] Added entity icons from journeymap:icon/entity. Success: false
[13:46:55] [Client thread/INFO] [ThemeLoader] Preloaded theme textures: 73
[13:47:14] [JM-VersionCheck-1/INFO] [VersionCheck$1] Newer version online: JourneyMap 5.7.1.jar for Minecraft 1.12.2 on http://minecraft.curseforge.com/projects/journeymap/files/2916002
[13:47:40] [Client thread/INFO] [ModBlockDelegate] Custom modded block handling enabled for bibliocraft
[13:47:41] [Client thread/INFO] [WaypointStore] Loaded 1 waypoints from C:\Users\c\Documents\GitHub\XINGMOUREN\project\minecraft\.minecraft\journeymap\data\sp\happyking\waypoints
[13:47:41] [Client thread/INFO] [JourneymapClient] Mapping started in C:\Users\c\Documents\GitHub\XINGMOUREN\project\minecraft\.minecraft\journeymap\data\sp\happyking\DIM0. Memory: 5728MB total, 4903MB free 
[13:48:02] [Client thread/INFO] [ChatLog] JourneyMap: 按下[J]键或打开浏览器并转到网址 http://localhost:2333 
[14:17:40] [Client thread/INFO] [JourneymapClient] Mapping halted in C:\Users\c\Documents\GitHub\XINGMOUREN\project\minecraft\.minecraft\journeymap\data\sp\happyking\DIM0
[14:17:40] [Client thread/WARN] [FileHandler] Couldn't copy color palette html: java.lang.NullPointerException
[14:17:40] [Client thread/ERROR] [ColorPalette] Can't write colorpalette.html: java.lang.NullPointerException
[14:17:40] [Client thread/WARN] [ColorPalette] Existing color palette's resource packs no longer match current loadout.
[14:17:40] [Client thread/INFO] [ColorPalette] WAS: Minecraft-Mod-Language-Modpack.zip:zip
NOW: Default
[14:17:43] [Client thread/INFO] [WaypointStore] Loaded 1 waypoints from C:\Users\c\Documents\GitHub\XINGMOUREN\project\minecraft\.minecraft\journeymap\data\sp\happyking\waypoints
[14:17:43] [Client thread/INFO] [JourneymapClient] Mapping started in C:\Users\c\Documents\GitHub\XINGMOUREN\project\minecraft\.minecraft\journeymap\data\sp\happyking\DIM-1. Memory: 6368MB total, 4144MB free 
[14:20:49] [Client thread/INFO] [JourneymapClient] Mapping halted in C:\Users\c\Documents\GitHub\XINGMOUREN\project\minecraft\.minecraft\journeymap\data\sp\happyking\DIM-1
[14:20:49] [Client thread/WARN] [FileHandler] Couldn't copy color palette html: java.lang.NullPointerException
[14:20:49] [Client thread/ERROR] [ColorPalette] Can't write colorpalette.html: java.lang.NullPointerException
[14:20:49] [Client thread/WARN] [ColorPalette] Existing color palette's resource packs no longer match current loadout.
[14:20:49] [Client thread/INFO] [ColorPalette] WAS: Minecraft-Mod-Language-Modpack.zip:zip
NOW: Default
[14:20:52] [Client thread/INFO] [WaypointStore] Loaded 2 waypoints from C:\Users\c\Documents\GitHub\XINGMOUREN\project\minecraft\.minecraft\journeymap\data\sp\happyking\waypoints
[14:20:52] [Client thread/INFO] [JourneymapClient] Mapping started in C:\Users\c\Documents\GitHub\XINGMOUREN\project\minecraft\.minecraft\journeymap\data\sp\happyking\DIM0. Memory: 4896MB total, 3953MB free 
[14:22:38] [Client thread/INFO] [StateTickHandler] 妈的兴某人真帅拖拖 died at BlockPos{x=-18, y=70, z=146}. Deathpoints enabled: true. Deathpoint created: true
[14:22:45] [Client thread/INFO] [CmdTeleportWaypoint] Attempting jtp teleport with command: /jtp -17.5 70 146.5 0
[14:24:24] [Client thread/INFO] [CmdTeleportWaypoint] Attempting jtp teleport with command: /jtp -17.5 70 146.5 0
[14:27:46] [Client thread/INFO] [StateTickHandler] 妈的兴某人真帅拖拖 died at BlockPos{x=5, y=63, z=156}. Deathpoints enabled: true. Deathpoint created: true
[14:27:50] [Client thread/INFO] [CmdTeleportWaypoint] Attempting jtp teleport with command: /jtp 5.5 63 156.5 0
[14:32:41] [Client thread/INFO] [CmdTeleportWaypoint] Attempting jtp teleport with command: /jtp -4.5 68 147.5 0
[14:40:50] [Client thread/INFO] [CmdTeleportWaypoint] Attempting jtp teleport with command: /jtp -4.5 68 147.5 0
[14:43:15] [Client thread/INFO] [StateTickHandler] 妈的兴某人真帅拖拖 died at BlockPos{x=-13, y=70, z=150}. Deathpoints enabled: true. Deathpoint created: true
[14:48:42] [Client thread/INFO] [CmdTeleportWaypoint] Attempting jtp teleport with command: /jtp -12.5 70 150.5 0
[14:58:06] [Client thread/INFO] [CmdTeleportWaypoint] Attempting jtp teleport with command: /jtp -4.5 68 147.5 0
[15:21:36] [Client thread/INFO] [CmdTeleportWaypoint] Attempting jtp teleport with command: /jtp -4.5 68 147.5 0
[16:49:06] [Client thread/INFO] [JourneymapClient] Mapping halted in C:\Users\c\Documents\GitHub\XINGMOUREN\project\minecraft\.minecraft\journeymap\data\sp\happyking\DIM0
[16:49:06] [Client thread/WARN] [FileHandler] Couldn't copy color palette html: java.lang.NullPointerException
[16:49:06] [Client thread/ERROR] [ColorPalette] Can't write colorpalette.html: java.lang.NullPointerException
[16:49:06] [Client thread/WARN] [ColorPalette] Existing color palette's resource packs no longer match current loadout.
[16:49:06] [Client thread/INFO] [ColorPalette] WAS: Minecraft-Mod-Language-Modpack.zip:zip
NOW: Default
[16:49:09] [Client thread/INFO] [WaypointStore] Loaded 2 waypoints from C:\Users\c\Documents\GitHub\XINGMOUREN\project\minecraft\.minecraft\journeymap\data\sp\happyking\waypoints
[16:49:09] [Client thread/INFO] [JourneymapClient] Mapping started in C:\Users\c\Documents\GitHub\XINGMOUREN\project\minecraft\.minecraft\journeymap\data\sp\happyking\DIM815. Memory: 4560MB total, 3538MB free 
[16:50:15] [Client thread/INFO] [StateTickHandler] 妈的兴某人真帅拖拖 died at BlockPos{x=-5, y=60, z=123}. Deathpoints enabled: true. Deathpoint created: true
[16:50:15] [Client thread/INFO] [JourneymapClient] Mapping halted in C:\Users\c\Documents\GitHub\XINGMOUREN\project\minecraft\.minecraft\journeymap\data\sp\happyking\DIM815
[16:50:15] [Client thread/WARN] [FileHandler] Couldn't copy color palette html: java.lang.NullPointerException
[16:50:15] [Client thread/ERROR] [ColorPalette] Can't write colorpalette.html: java.lang.NullPointerException
[16:50:15] [Client thread/WARN] [ColorPalette] Existing color palette's resource packs no longer match current loadout.
[16:50:15] [Client thread/INFO] [ColorPalette] WAS: Minecraft-Mod-Language-Modpack.zip:zip
NOW: Default
[16:50:18] [Client thread/INFO] [WaypointStore] Loaded 4 waypoints from C:\Users\c\Documents\GitHub\XINGMOUREN\project\minecraft\.minecraft\journeymap\data\sp\happyking\waypoints
[16:50:18] [Client thread/INFO] [JourneymapClient] Mapping started in C:\Users\c\Documents\GitHub\XINGMOUREN\project\minecraft\.minecraft\journeymap\data\sp\happyking\DIM0. Memory: 5472MB total, 4458MB free 
[16:50:38] [Client thread/INFO] [JourneymapClient] Mapping halted in C:\Users\c\Documents\GitHub\XINGMOUREN\project\minecraft\.minecraft\journeymap\data\sp\happyking\DIM0
[16:50:38] [Client thread/WARN] [FileHandler] Couldn't copy color palette html: java.lang.NullPointerException
[16:50:38] [Client thread/ERROR] [ColorPalette] Can't write colorpalette.html: java.lang.NullPointerException
[16:50:38] [Client thread/WARN] [ColorPalette] Existing color palette's resource packs no longer match current loadout.
[16:50:38] [Client thread/INFO] [ColorPalette] WAS: Minecraft-Mod-Language-Modpack.zip:zip
NOW: Default
[16:50:38] [Client thread/INFO] [WaypointStore] Loaded 4 waypoints from C:\Users\c\Documents\GitHub\XINGMOUREN\project\minecraft\.minecraft\journeymap\data\sp\happyking\waypoints
[16:50:38] [Client thread/INFO] [JourneymapClient] Mapping started in C:\Users\c\Documents\GitHub\XINGMOUREN\project\minecraft\.minecraft\journeymap\data\sp\happyking\DIM815. Memory: 6528MB total, 5319MB free 
[16:50:43] [Client thread/INFO] [CmdTeleportWaypoint] Attempting jtp teleport with command: /jtp -4.5 60 123.5 815
[16:50:51] [Client thread/INFO] [CmdTeleportWaypoint] Attempting jtp teleport with command: /jtp 26.5 60 141.5 815
[16:50:53] [Client thread/INFO] [JourneymapClient] Mapping halted in C:\Users\c\Documents\GitHub\XINGMOUREN\project\minecraft\.minecraft\journeymap\data\sp\happyking\DIM815
[16:50:53] [Client thread/WARN] [FileHandler] Couldn't copy color palette html: java.lang.NullPointerException
[16:50:53] [Client thread/ERROR] [ColorPalette] Can't write colorpalette.html: java.lang.NullPointerException
[16:50:53] [Client thread/WARN] [ColorPalette] Existing color palette's resource packs no longer match current loadout.
[16:50:53] [Client thread/INFO] [ColorPalette] WAS: Minecraft-Mod-Language-Modpack.zip:zip
NOW: Default
[16:50:55] [Client thread/INFO] [WaypointStore] Loaded 4 waypoints from C:\Users\c\Documents\GitHub\XINGMOUREN\project\minecraft\.minecraft\journeymap\data\sp\happyking\waypoints
[16:50:55] [Client thread/INFO] [JourneymapClient] Mapping started in C:\Users\c\Documents\GitHub\XINGMOUREN\project\minecraft\.minecraft\journeymap\data\sp\happyking\DIM0. Memory: 3296MB total, 2269MB free 
[16:51:09] [Client thread/INFO] [CmdTeleportWaypoint] Attempting jtp teleport with command: /jtp -4.5 68 147.5 0
[17:14:59] [Client thread/INFO] [StateTickHandler] 妈的兴某人真帅拖拖 died at BlockPos{x=-13, y=80, z=154}. Deathpoints enabled: true. Deathpoint created: true
[17:15:07] [Client thread/INFO] [CmdTeleportWaypoint] Attempting jtp teleport with command: /jtp -12.5 80 154.5 0
[18:49:34] [Client thread/INFO] [JourneymapClient] Mapping halted in C:\Users\c\Documents\GitHub\XINGMOUREN\project\minecraft\.minecraft\journeymap\data\sp\happyking\DIM0
[18:49:34] [Client thread/WARN] [FileHandler] Couldn't copy color palette html: java.lang.NullPointerException
[18:49:34] [Client thread/ERROR] [ColorPalette] Can't write colorpalette.html: java.lang.NullPointerException
[18:49:34] [Client thread/WARN] [ColorPalette] Existing color palette's resource packs no longer match current loadout.
[18:49:34] [Client thread/INFO] [ColorPalette] WAS: Minecraft-Mod-Language-Modpack.zip:zip
NOW: Default
